[    0.000000] Initializing cgroup subsys cpuset
[    0.000000] Initializing cgroup subsys cpu
[    0.000000] Initializing cgroup subsys cpuacct
[    0.000000] Linux version 4.4.0-112-generic (buildd@lgw01-amd64-010) (gcc version 5.4.0 20160609 (Ubuntu 5.4.0-6ubuntu1~16.04.5) ) #135-Ubuntu SMP Fri Jan 19 11:48:36 UTC 2018 (Ubuntu 4.4.0-112.135-generic 4.4.98)
[    0.000000] Command line: BOOT_IMAGE=/boot/vmlinuz-4.4.0-112-generic root=UUID=676eac73-81dc-4fbd-bdea-aebcbe447240 ro console=tty1 console=ttyS0
[    0.000000] KERNEL supported cpus:
[    0.000000]   Intel GenuineIntel
[    0.000000]   AMD AuthenticAMD
[    0.000000]   Centaur CentaurHauls
[    0.000000] x86/fpu: xstate_offset[2]:  576, xstate_sizes[2]:  256
[    0.000000] x86/fpu: Supporting XSAVE feature 0x01: 'x87 floating point registers'
[    0.000000] x86/fpu: Supporting XSAVE feature 0x02: 'SSE registers'
[    0.000000] x86/fpu: Supporting XSAVE feature 0x04: 'AVX registers'
[    0.000000] x86/fpu: Enabled xstate features 0x7, context size is 832 bytes, using 'standard' format.
[    0.000000] x86/fpu: Using 'lazy' FPU context switches.
[    0.000000] e820: BIOS-provided physical RAM map:
[    0.000000] BIOS-e820: [mem 0x0000000000000000-0x000000000009fbff] usable
[    0.000000] BIOS-e820: [mem 0x000000000009fc00-0x000000000009ffff] reserved
[    0.000000] BIOS-e820: [mem 0x00000000000f0000-0x00000000000fffff] reserved
[    0.000000] BIOS-e820: [mem 0x0000000000100000-0x000000001ffeffff] usable
[    0.000000] BIOS-e820: [mem 0x000000001fff0000-0x000000001fffffff] ACPI data
[    0.000000] BIOS-e820: [mem 0x00000000fec00000-0x00000000fec00fff] reserved
[    0.000000] BIOS-e820: [mem 0x00000000fee00000-0x00000000fee00fff] reserved
[    0.000000] BIOS-e820: [mem 0x00000000fffc0000-0x00000000ffffffff] reserved
[    0.000000] NX (Execute Disable) protection: active
[    0.000000] SMBIOS 2.5 present.
[    0.000000] Hypervisor detected: KVM
[    0.000000] e820: last_pfn = 0x1fff0 max_arch_pfn = 0x400000000
[    0.000000] MTRR: Disabled
[    0.000000] x86/PAT: MTRRs disabled, skipping PAT initialization too.
[    0.000000] CPU MTRRs all blank - virtualized system.
[    0.000000] x86/PAT: Configuration [0-7]: WB  WT  UC- UC  WB  WT  UC- UC  
[    0.000000] found SMP MP-table at [mem 0x0009fff0-0x0009ffff] mapped at [ffff88000009fff0]
[    0.000000] Scanning 1 areas for low memory corruption
[    0.000000] RAMDISK: [mem 0x1e80b000-0x1f6e9fff]
[    0.000000] ACPI: Early table checksum verification disabled
[    0.000000] ACPI: RSDP 0x00000000000E0000 000024 (v02 VBOX  )
[    0.000000] ACPI: XSDT 0x000000001FFF0030 00003C (v01 VBOX   VBOXXSDT 00000001 ASL  00000061)
[    0.000000] ACPI: FACP 0x000000001FFF00F0 0000F4 (v04 VBOX   VBOXFACP 00000001 ASL  00000061)
[    0.000000] ACPI: DSDT 0x000000001FFF0470 0021FF (v02 VBOX   VBOXBIOS 00000002 INTL 20100528)
[    0.000000] ACPI: FACS 0x000000001FFF0200 000040
[    0.000000] ACPI: FACS 0x000000001FFF0200 000040
[    0.000000] ACPI: APIC 0x000000001FFF0240 000054 (v02 VBOX   VBOXAPIC 00000001 ASL  00000061)
[    0.000000] ACPI: SSDT 0x000000001FFF02A0 0001CC (v01 VBOX   VBOXCPUT 00000002 INTL 20100528)
[    0.000000] No NUMA configuration found
[    0.000000] Faking a node at [mem 0x0000000000000000-0x000000001ffeffff]
[    0.000000] NODE_DATA(0) allocated [mem 0x1ffeb000-0x1ffeffff]
[    0.000000] kvm-clock: Using msrs 4b564d01 and 4b564d00
[    0.000000] kvm-clock: cpu 0, msr 0:1ffe3001, primary cpu clock
[    0.000000] kvm-clock: using sched offset of 5055852586 cycles
[    0.000000] clocksource: kvm-clock: mask: 0xffffffffffffffff max_cycles: 0x1cd42e4dffb, max_idle_ns: 881590591483 ns
[    0.000000] Zone ranges:
[    0.000000]   DMA      [mem 0x0000000000001000-0x0000000000ffffff]
[    0.000000]   DMA32    [mem 0x0000000001000000-0x000000001ffeffff]
[    0.000000]   Normal   empty
[    0.000000]   Device   empty
[    0.000000] Movable zone start for each node
[    0.000000] Early memory node ranges
[    0.000000]   node   0: [mem 0x0000000000001000-0x000000000009efff]
[    0.000000]   node   0: [mem 0x0000000000100000-0x000000001ffeffff]
[    0.000000] Initmem setup node 0 [mem 0x0000000000001000-0x000000001ffeffff]
[    0.000000] ACPI: PM-Timer IO Port: 0x4008
[    0.000000] IOAPIC[0]: apic_id 1, version 32, address 0xfec00000, GSI 0-23
[    0.000000] ACPI: INT_SRC_OVR (bus 0 bus_irq 0 global_irq 2 dfl dfl)
[    0.000000] ACPI: INT_SRC_OVR (bus 0 bus_irq 9 global_irq 9 low level)
[    0.000000]  sing ACPI (MADT) for SMP configuration information
[    0.000000] smpboot: Allowing 1 CPUs, 0 hotplug CPUs
[    0.000000] PM: Registered nosave memory: [mem 0x00000000-0x00000fff]
[    0.000000] PM: Registered nosave memory: [mem 0x0009f000-0x0009ffff]
[    0.000000] PM: Registered nosave memory: [mem 0x000a0000-0x000effff]
[    0.000000] PM: Registered nosave memory: [mem 0x000f0000-0x000fffff]
[    0.000000] e820: [mem 0x20000000-0xfebfffff] available for PCI devices
[    0.000000] Booting paravirtualized kernel on KVM
[    0.000000] clocksource: refined-jiffies: mask: 0xffffffff max_cycles: 0xffffffff, max_idle_ns: 7645519600211568 ns
[    0.000000] setup_percpu: NR_CPUS:512 nr_cpumask_bits:512 nr_cpu_ids:1 nr_node_ids:1
[    0.000000] PERCPU: Embedded 34 pages/cpu @ffff88001fc00000 s99544 r8192 d31528 u2097152
[    0.000000] PV qspinlock hash table entries: 256 (order: 0, 4096 bytes)
[    0.000000] Built 1 zonelists in Node order, mobility grouping on.  Total pages: 128889
[    0.000000] Policy zone: DMA32
[    0.000000] Kernel command line: BOOT_IMAGE=/boot/vmlinuz-4.4.0-112-generic root=UUID=676eac73-81dc-4fbd-bdea-aebcbe447240 ro console=tty1 console=ttyS0
[    0.000000] PID hash table entries: 2048 (order: 2, 16384 bytes)
[    0.000000] Memory: 481360K/523832K available (8499K kernel code, 1309K rwdata, 3988K rodata, 1508K init, 1316K bss, 42472K reserved, 0K cma-reserved)
[    0.000000] SLUB: HWalign=64, Order=0-3, MinObjects=0, CPUs=1, Nodes=1
[    0.000000] Kernel/User page tables isolation: enabled
[    0.000000] Hierarchical RCU implementation.
[    0.000000] 	Build-time adjustment of leaf fanout to 64.
[    0.000000] 	RCU restricting CPUs from NR_CPUS=512 to nr_cpu_ids=1.
[    0.000000] RCU: Adjusting geometry for rcu_fanout_leaf=64, nr_cpu_ids=1
[    0.000000] NR_IRQS:33024 nr_irqs:256 16
[    0.000000] Console: colour VGA+ 80x25
[    0.000000] console [tty1] enabled
[    0.000000] console [ttyS0] enabled
[    0.000000] tsc: Detected 2808.002 MHz processor
[   10.994359] Calibrating delay loop (skipped) preset value.. 5616.00 BogoMIPS (lpj=11232008)
[   11.079864] pid_max: default: 32768 minimum: 301
[   11.255096] ACPI: Core revision 20150930
[   11.413344] ACPI: 2 ACPI AML tables successfully acquired and loaded
[   11.633599] Security Framework initialized
[   11.788941] Yama: becoming mindful.
[   11.925863] AppArmor: AppArmor initialized
[   12.084350] Dentry cache hash table entries: 65536 (order: 7, 524288 bytes)
[   12.160981] Inode-cache hash table entries: 32768 (order: 6, 262144 bytes)
[   12.403947] Mount-cache hash table entries: 1024 (order: 1, 8192 bytes)
[   12.659334] Mountpoint-cache hash table entries: 1024 (order: 1, 8192 bytes)
[   12.950181] Initializing cgroup subsys io
[   13.114236] Initializing cgroup subsys memory
[   13.176491] Initializing cgroup subsys devices
[   13.180587] Initializing cgroup subsys freezer
[   13.241429] Initializing cgroup subsys net_cls
[   13.256607] Initializing cgroup subsys perf_event
[   13.258798] Initializing cgroup subsys net_prio
[   13.261216] Initializing cgroup subsys hugetlb
[   13.394158] Initializing cgroup subsys pids
[   13.554393] CPU: Physical Processor ID: 0
[   13.716159] FEATURE SPEC_CTRL Not Present
[   13.875505] mce: CPU supports 0 MCE banks
[   13.998070] process: using mwait in idle threads
[   14.059551] Last level iTLB entries: 4KB 64, 2MB 8, 4MB 8
[   14.080141] Last level dTLB entries: 4KB 64, 2MB 0, 4MB 0, 1GB 4
[   14.097916] Freeing SMP alternatives memory: 32K
[   14.173411] ftrace: allocating 32180 entries in 126 pages
[   14.341677] smpboot: APIC(0) Converting physical 0 to logical package 0
[   14.479839] smpboot: Max logical packages: 1
[   14.601820] x2apic enabled
[   14.681520] Switched APIC routing to physical x2apic.
[   14.835913] ..TIMER: vector=0x30 apic1=0 pin1=2 apic2=-1 pin2=-1
[   15.111539] smpboot: CPU0: Intel(R) Core(TM) i7-7700HQ CPU @ 2.80GHz (family: 0x6, model: 0x9e, stepping: 0x9)
[   15.433324] Performance Events: unsupported p6 CPU model 158 no PMU driver, software events only.
[   15.527291] KVM setup paravirtual spinlock
[   15.528953] x86: Booted up 1 node, 1 CPUs
[   15.628124] smpboot: Total of 1 processors activated (5616.00 BogoMIPS)
[   15.833775] devtmpfs: initialiied
[   15.920973] evm: security.selinux
[   16.018333] evm: security.SMACK64
[   16.111581] evm: security.SMACK64EXEC
[   16.214322] evm: security.SMACK64TRANSMUTE
[   16.313765] evm: security.SMACK64MMAP
[   16.411857] evm: security.ima
[   16.484487] evm: security.capability
[   16.571006] clocksource: jiffies: mask: 0xffffffff max_cycles: 0xffffffff, max_idle_ns: 7645041785100000 ns
[   16.611821] futex hash table entries: 256 (order: 2, 16384 bytes)
[   16.748683] pinctrl core: initialized pinctrl subsystem
[   16.884264] RTC time: 13:58:47, date: 02/16/18
[   17.002802] NET: Registered protocol family 16
[   17.123562] cpuidle: using governor ladder
[   17.252290] cpuidle: using governor menu
[   17.371548] PCCT header not found.
[   17.459970] ACPI: bus type PCI registered
[   17.571833] acpiphp: ACPI Hot Plug PCI Controller Driver version: 0.5
[   17.679392] PCI: Using configuration type 1 for base access
[   17.720439] ACPI: Added _OSI(Moddle Device)
[   17.831892] ACPI: Added _OSI(Processor Device)
[   17.984961] ACPI: Added _OSI(3.0 _SCP Extensions)
[   18.173427] ACPI: Added _OSI(Processor Aggregator Device)
[   18.391200] ACPI: Executed 1 blocks of module-level executable AML code
[   18.650348] ACPI: Interpreter enabled
[   18.720651] ACPI: (supports S0 S5)
[   18.790377] ACPI: Using IOAPIC for interrupt routing
[   18.795880] PCI: Using host bridge windows from ACPI; if necessary, use "pci=nocrs" and report a bug
[   18.800582] ACPI: PCI Root Bridge [PCI0] (domain 0000 [bus 00-ff])
[   19.012510] acpi PNP0A03:00: _OSC: OS supports [ASPM ClockPM Segments MSI]
[   19.283213] acpi PNP0A03:00: _OSC: not requesting OS control; OS requires [ExtendedConfig ASPM ClockPM MSI]
[   19.637208] acpi PNP0A03:00: fail to add MMCONFIG information, can't access extended PCI configuration space under this bridge.
[   19.886444] PCI host bridge to bus 0000:00
[   19.895538] pci_bus 0000:00: root bus resource [io  0x0000-0x0cf7 window]
[   19.896951] pci_bus 0000:00: root bus resource [io  0x0d00-0xffff window]
[   20.135272] pci_bus 0000:00: root bus resource [mem 0x000a0000-0x000bffff window]
[   20.334756] pci_bus 0000:00: root bus resource [mem 0x20000000-0xfdffffff window]
[   20.592922] pci_bus 0000:00: root bus resource [bus 00-ff]
[   20.732369] pci 0000:00:01.1: legacy IDE quirk: reg 0x10: [io  0x01f0-0x01f7]
[   20.926060] pci 0000:00:01.1: legacy IDE quirk: reg 0x14: [io  0x03f6]
[   20.998325] pci 0000:00:01.1: legacy IDE quirk: reg 0x18: [io  0x0170-0x0177]
[   21.019564] pci 0000:00:01.1: legacy IDE quirk: reg 0x1c: [io  0x0376]
[   21.231771] pci 0000:00:07.0: quirk: [io  0x4000-0x403f] claimed by PIIX4 ACPI
[   21.515311] pci 0000:00:07.0: quirk: [io  0x4100-0x410f] claimed by PIIX4 SMB
[   21.763804] ACPI: PCI Interrupt Link [LNKA] (IRQs 5 9 10 *11)
[   21.968032] ACPI: PCI Interrupt Link [LNKB] (IRQs 5 9 *10 11)
[   22.101643] ACPI: PCI Interrupt Link [LNKC] (IRQs 5 *9 10 11)
[   22.111560] ACPI: PCI Interrupt Link [LNKD] (IRQs 5 9 10 *11)
[   22.138685] ACPI: Enabled 2 GPEs in block 00 to 07
[   22.293916] vgaarb: setting as boot device: PCI:0000:00:02.0
[   22.502117] vgaarb: device added: PCI:0000:00:02.0,decodes=io+mem,owns=io+mem,locks=none
[   22.809767] vgaarb: loaded
[   22.922954] vgaarb: bridge control possible 0000:00:02.0
[   23.123573] SCSI subsystem initialized
[   23.234408] ACPI: bus type USB registered
[   23.288129] usbcore: registered new interface driver usbfs
[   23.494263] usbcore: registered new interface driver hub
[   23.659066] usbcore: registered new device driver usb
[   23.867387] PCI: Using ACPI for IRQ routing
[   24.031491] NetLabel: Initializing
[   24.166713] NetLabel:  domain hash size = 128
[   24.323683] NetLabel:  protocols = UNLABELED CIPSOv4
[   24.338784] NetLabel:  unlabeled traffic allowed by default
[   24.510673] amd_nb: Cannot enumerate AMD northbridges
[   24.716946] clocksource: Switched to clocksource kvm-clock
[   24.918011] AppArmor: AppArmor Filesystem Enabled
[   25.077198] pnp: PnP ACPI init
[   25.188190] pnp: PnP ACPI: found 3 devices
[   25.361423] clocksource: acpi_pm: mask: 0xffffff max_cycles: 0xffffff, max_idle_ns: 2085701024 ns
[   25.446883] NET: Registered protocol family 2
[   25.606236] TCP established hash table entries: 4096 (order: 3, 32768 bytes)
[   25.896629] TCP bind hash table entries: 4096 (order: 4, 65536 bytes)
[   26.143905] TCP: Hash tables configured (established 4096 bind 4096)
[   26.366670] UDP hash table entries: 256 (order: 1, 8192 bytes)
[   26.501884] UDP-Lite hash table entries: 256 (order: 1, 8192 bytes)
[   26.531041] NET: Registered protocol family 1
[   26.627647] pci 0000:00:00.0: Limiting direct PCI/PCI transfers
[   26.866159] pci 0000:00:01.0: Activating ISA DMA hang workarounds
[   27.079283] Unpacking initramfs...
[   27.610673] Freeing initrd memory: 15228K
[   27.632515] platform rtc_cmos: registered platform RTC device (no PNP device found)
[   27.635388] Scanning for low memory corruption every 60 seconds
[   27.636750] audit: initializing netlink subsys (disabled)
[   27.637937] audit: type=2000 audit(1518789521.307:1): initialized
[   27.855747] Initialise system trusted keyring
[   28.009504] HugeTLB registered 2 MB page size, pre-allocated 0 pages
[   28.242204] zbud: loaded
[   28.346779] VFS: Disk quotas dquot_6.6.0
[   28.488227] VFS: Dquot-cache hash table entries: 512 (order 0, 4096 bytes)
[   28.662669] tsc: Refined TSC clocksource calibration: 2809.353 MHz
[   28.720695] clocksource: tsc: mask: 0xffffffffffffffff max_cycles: 0x287ec40fbce, max_idle_ns: 440795299256 ns
[   29.058863] squashfs: version 4.0 (2009/01/31) Phillip Lougher
[   29.157089] fuse init (API version 7.23)
[   29.212492] Key type big_key registered
[   29.245482] Allocating IMA MOK and blacklist keyrings.
[   29.292077] Key type asymmetric registered
[   29.302775] Asymmetric key parser 'x509' registered
[   29.501094] Block layer SCSI generic (bsg) driver version 0.4 loaded (major 249)
[   29.737788] io scheduler noop registered
[   29.795531] io scheduler deadline registered (default)
[   29.813453] io scheduler cfq registered
[   29.814357] pci_hotplug: PCI Hot Plug PCI Core version: 0.5
[   29.815419] pciehp: PCI Express Hot Plug Controller Driver version: 0.4
[   29.816686] ACPI: AC Adapter [AC] (off-line)
[   29.817488] input: Power Button as /devices/LNXSYSTM:00/LNXPWRBN:00/input/input0
[   29.821118] ACPI: Power Button [PWRF]
[   29.861064] input: Sleep Button as /devices/LNXSYSTM:00/LNXSLPBN:00/input/input1
[   30.154982] ACPI: Sleep Button [SLPF]
[   30.300559] ACPI: Battery Slot [BAT0] (battery present)
[   30.506444] GHES: HEST is not enabled!
[   30.647211] Serial: 8250/16550 driver, 32 ports, IRQ sharing enabled
[   30.876747] 00:02: ttyS0 at I/O 0x3f8 (irq = 4, base_baud = 115200) is a 16550A
[   30.933418] Linux agpgart interface v0.103
[   31.060782] loop: module loaded
[   31.129728] scsi host0: ata_piix
[   31.227070] scsi host1: ata_piix
[   31.293858] ata1: PATA max UDMA/33 cmd 0x1f0 ctl 0x3f6 bmdma 0xd000 irq 14
[   31.463741] ata2: PATA max UDMA/33 cmd 0x170 ctl 0x376 bmdma 0xd008 irq 15
[   31.654444] libphy: Fixed MDIO Bus: probed
[   31.774672] tun: Universal TUN/TAP device driver, 1.6
[   31.936144] tun: (C) 1999-2004 Max Krasnyansky <maxk@qualcomm.com>
[   31.958541] PPP generic driver version 2.4.2
[   32.018618] ehci_hcd: USB 2.0 'Enhanced' Host Controller (EHCI) Driver
[   32.130028] ehci-pci: EHCI PCI platform driver
[   32.289881] ehci-platform: EHCI generic platform driver
[   32.491152] ohci_hcd: USB 1.1 'Open' Host Controller (OHCI) Driver
[   32.727623] ohci-pci: OHCI PCI platform driver
[   32.893391] ohci-platform: OHCI generic platform driver
[   33.075913] uhci_hcd: USB Universal Host Controller Interface driver
[   33.236722] i8042: PNP: PS/2 Controller [PNP0303:PS2K,PNP0f03:PS2M] at 0x60,0x64 irq 1,12
[   33.561708] serio: i8042 KBD port at 0x60,0x64 irq 1
[   33.762159] serio: i8042 AUX port at 0x60,0x64 irq 12
[   33.964284] mousedev: PS/2 mouse device common for all mice
[   34.186983] input: AT Translated Set 2 keyboard as /devices/platform/i8042/serio0/input/input2
[   34.194047] rtc_cmos rtc_cmos: rtc core: registered rtc_cmos as rtc0
[   34.199335] rtc_cmos rtc_cmos: alarms up to one day, 114 bytes nvram
[   34.201938] i2c /dev entries driver
[   34.202773] device-mapper: uevent: version 1.0.3
[   34.203831] device-mapper: ioctl: 4.34.0-ioctl (2015-10-28) initialised: dm-devel@redhat.com
[   34.321406] ledtrig-cpu: registered to indicate activity on CPUs
[   34.489587] NET: Registered protocol family 10
[   34.655059] NET: Registered protocol family 17
[   34.830539] Key type dns_resolver registered
[   34.985764] microcode: CPU0 sig=0x906e9, pf=0x8, revision=0x0
[   35.036787] microcode: Microcode Update Driver: v2.01 <tigran@aivazian.fsnet.co.uk>, Peter Oruba
[   35.307141] registered taskstats version 1
[   35.470406] Loading compiled-in X.509 certificates
[   35.648053] Loaded X.509 cert 'Build time autogenerated kernel key: 4c603087bab8f0a02cb3b4e1fb4c40f507e71ef1'
[   35.919625] zswap: loaded using pool lzo/zbud
[   36.087448] Key type trusted registered
[   36.252821] Key type encrypted registered
[   36.405663] AppArmor: AppArmor sha1 policy hashing enabled
[   36.614740] ima: No TPM chip found, activating TPM-bypass!
[   36.780475] evm: HMAC attrs: 0x1
[   36.790380]   Magic number: 6:996:988
[   36.791210] rtc_cmos rtc_cmos: setting system clock to 2018-02-16 13:59:07 UTC (1518789547)
[   36.793648] BIOS EDD facility v0.16 2004-Jun-25, 0 devices found
[   36.794691] EDD information not available.
[   36.796520] Freeing unused kernel memory: 1508K
[   36.797245] Write protecting the kernel read-only data: 14336k
[   36.906190] Freeing unused kernel memory: 1728K
[   36.909482] Freeing unused kernel memory: 108K
Loading, please [   37.006168] random: udevadm: uninitialized urandom read (16 bytes read, 7 bits of entropy available)
wait...
startin[   37.384873] random: systemd-udevd: uninitialized urandom read (16 bytes read, 7 bits of entropy available)
g version 229
[   37.802656] random: udevadm: uninitialized urandom read (16 bytes read, 9 bits of entropy available)
[   37.955652] random: systemd-udevd: uninitialized urandom read (16 bytes read, 9 bits of entropy available)
[   38.068680] random: systemd-udevd: uninitialized urandom read (16 bytes read, 9 bits of entropy available)
[   38.391644] random: udevadm: uninitialized urandom read (16 bytes read, 9 bits of entropy available)
[   38.706525] random: systemd-udevd: uninitialized urandom read (16 bytes read, 9 bits of entropy available)
[   39.048535] random: udevadm: uninitialized urandom read (16 bytes read, 9 bits of entropy available)
[   39.183819] random: udevadm: uninitialized urandom read (16 bytes read, 9 bits of entropy available)
[   39.213971] random: udevadm: uninitialized urandom read (16 bytes read, 9 bits of entropy available)
[   39.745089] e1000: Intel(R) PRO/1000 Network Driver - version 7.3.21-k8-NAPI
[   40.049319] e1000: Copyright (c) 1999-2006 Intel Corporation.
[   40.274825] Fusion MPT base driver 3.04.20
[   40.309790] Copyright (c) 1999-2008 LSI Corporation
[   40.493386] AVX2 version of gcm_enc/dec engaged.
[   40.653153] AES CTR mode by8 optimization enabled
[   40.837701] input: ImExPS/2 Generic Explorer Mouse as /devices/platform/i8042/serio1/input/input4
[   41.221986] Fusion MPT SPI Host driver 3.04.20
[   41.339692] mptbase: ioc0: Initiating bringup
[   41.477400] ioc0: LSI53C1030 A0: Capabilities={Initiator}
[   41.845501] scsi host2: ioc0: LSI53C1030 A0, FwRev=00000000h, Ports=1, MaxQ=256, IRQ=20
[   42.280365] scsi 2:0:0:0: Direct-Access     VBOX     HARDDISK         1.0  PQ: 0 ANSI: 5
[   42.561299] scsi target2:0:0: Beginning Domain Validation
[   42.837765] scsi target2:0:0: Domain Validation skipping write tests
[   43.112389] scsi target2:0:0: Ending Domain Validation
[   43.457317] floppy0: no floppy controllers found
[   43.770584] scsi target2:0:0: asynchronous
[   43.905068] scsi 2:0:1:0: Direct-Access     VBOX     HARDDISK         1.0  PQ: 0 ANSI: 5
[   44.229583] scsi target2:0:1: Beginning Domain Validation
[   44.302874] e1000 0000:00:03.0 eth0: (PCI:33MHz:32-bit) 02:38:07:4c:82:85
[   44.370255] e1000 0000:00:03.0 eth0: Intel(R) PRO/1000 Network Connection
[   44.375382] scsi target2:0:1: Domain Validation skipping write tests
[   44.408749] scsi target2:0:1: Ending Domain Validation
[   44.490390] e1000 0000:00:03.0 enp0s3: renamed from eth0
[   44.692390] scsi target2:0:1: asynchronous
[   44.884560] sd 2:0:0:0: Attached scsi generic sg0 type 0
[   45.093917] sd 2:0:0:0: [sda] 20971520 512-byte logical blocks: (10.7 GB/10.0 GiB)
[   45.321368] sd 2:0:1:0: [sdb] 20480 512-byte logical blocks: (10.5 MB/10.0 MiB)
[   45.328632] sd 2:0:1:0: Attached scsi generic sg1 type 0
[   45.329715] sd 2:0:1:0: [sdb] Write Protect is off
[   45.330539] sd 2:0:0:0: [sda] Write Protect is off
[   45.331396] sd 2:0:1:0: [sdb] Incomplete mode parameter data
[   45.332380] sd 2:0:1:0: [sdb] Assuming drive cache: write through
[   45.333395] sd 2:0:0:0: [sda] Incomplete mode parameter data
[   45.334335] sd 2:0:0:0: [sda] Assuming drive cache: write through
[   45.388504]  sda: sda1
[   45.408234] sd 2:0:1:0: [sdb] Attached SCSI disk
[   45.410753] sd 2:0:0:0: [sda] Attached SCSI disk
Begin: Loading e[   47.075374] md: linear personality registered for level -1
ssential drivers[   47.324832] md: multipath personality registered for level -4
 ... [   47.547670] md: raid0 personality registered for level 0
[   47.629844] md: raid1 personality registered for level 1
[   47.897318] raid6: sse2x1   gen()  4362 MB/s
[   48.117134] raid6: sse2x1   xor()  3853 MB/s
[   48.325174] raid6: sse2x2   gen()  6290 MB/s
[   48.529295] raid6: sse2x2   xor()  4412 MB/s
[   48.725037] raid6: sse2x4   gen() 10623 MB/s
[   48.813378] raid6: sse2x4   xor()  6208 MB/s
[   49.013571] raid6: avx2x1   gen() 10137 MB/s
[   49.209368] raid6: avx2x2   gen() 11501 MB/s
[   49.421287] raid6: avx2x4   gen() 12528 MB/s
[   49.588967] raid6: using algorithm avx2x4 gen() 12528 MB/s
[   49.775548] raid6: using avx2x2 recovery algorithm
[   49.842467] xor: automatically using best checksumming function:
[   50.001287]    avx       :  9334.000 MB/sec
[   50.174359] async_tx: api initialized (async)
[   50.392100] md: raid6 personality registered for level 6
[   50.616835] md: raid5 personality registered for level 5
[   50.834680] md: raid4 personality registered for level 4
[   50.889156] md: raid10 peesonality registered for level 10
done.
Begin: Running /scripts/init-premount ... done.
Begin: Mounting[   50.997029] Btrfs loaded
 root file system ... Begin: Running /scripts/local-top ... done.
Begin: Runnin[   51.160495] EXT4-fs (sda1): INFO: recovery required on readonly filesystem
g /scripts/local[   51.502364] EXT4-fs (sda1): write access will be enabled during recovery
-premount ... Scanning for Btrfs filesystems
done.
Warning: fsck not present, so skipping root file system
[   51.970483] EXT4-fs (sda1): recovery complete
[   52.064734] EXT4-fs (sda1): mounted filesystem with ordered data mode. Opts: (null)
done.
Begin: Running /scripts/local-bottom ... done.
Begin: Running /scripts/init-bottom ... [   52.328680] random: nonblocking pool is initialized
done.
[   53.315669] systemd[1]: systemd 229 running in system mode. (+PAM +AUDIT +SELINUX +IMA +APPARMOR +SMACK +SYSVINIT +UTMP +LIBCRYPTSETUP +GCRYPT +GNUTLS +ACL +XZ -LZ4 +SECCOMP +BLKID +ELFUTILS +KMOD -IDN)
[   54.031061] systemd[1]: Detected virtualization oracle.
[   54.225779] systemd[1]: Detected architecture x86-64.

Welcome to [1mUbuntu 16.04.3 LTS[0m!

[   54.347767] systemd[1]: Set hostname to <ubuntu-xenial>.
[   55.278317] systemd[1]: Listening on LVM2 poll daemon socket.
[[0;32m  OK  [0m] Listening on LVM2 poll daemon socket.
[   55.453846] systemd[1]: Listening on Device-mapper event daemon FIFOs.
[[0;32m  OK  [0m] Listening on Device-mapper event daemon FIFOs.
[   55.765385] systemd[1]: Reached target User and Group Name Lookups.
[[0;32m  OK  [0m] Reached target User and Group Name Lookups.
[   56.093710] systemd[1]: Listening on udev Kernel Socket.
[[0;32m  OK  [0m] Listening on udev Kernel Socket.
[   56.361989] systemd[1]: Listening on LVM2 metadata daemon socket.
[[0;32m  OK  [0m] Listening on LVM2 metadata daemon socket.
[   56.582365] systemd[1]: Created slice System Slice.
[[0;32m  OK  [0m] Created slice System Slice.
[   56.853964] systemd[1]: Listening on udev Control Socket.
[[0;32m  OK  [0m] Listening on udev Control Socket.
[   57.130007] systemd[1]: Reached target Encrypted Volumes.
[[0;32m  OK  [0m] Reached target Encrypted Volumes.
[   57.405857] systemd[1]: Created slice system-serial\x2dgetty.slice.
[[0;32m  OK  [0m] Created slice system-serial\x2dgetty.slice.
[   57.690088] systemd[1]: Created slice User and Session Slice.
[[0;32m  OK  [0m] Created slice User and Session Slice.
[   58.009849] systemd[1]: Reached target Slices.
[[0;32m  OK  [0m] Reached target Slices.
[   58.261424] systemd[1]: Started Trigger resolvconf update for networkd DNS.
[[0;32m  OK  [0m] Started Trigger resolvconf update for networkd DNS.
[   58.653900] systemd[1]: Listening on Journal Audit Socket.
[[0;32m  OK  [0m] Listening on Journal Audit Socket.
[   58.801199] systemd[1]: Started Forward Password Requests to Wall Directory Watch.
[[0;32m  OK  [0m] Started Forward Password Requests to Wall Directory Watch.
[   59.141553] systemd[1]: Listening on Syslog Socket.
[[0;32m  OK  [0m] Listening on Syslog Socket.
[   59.377875] systemd[1]: Listening on /dev/initctl Compatibility Named Pipe.
[[0;32m  OK  [0m] Listening on /dev/initctl Compatibility Named Pipe.
[   59.522378] systemd[1]: Listening on Journal Socket.
[[0;32m  OK  [0m] Listening on Journal Socket.
[   59.525959] systemd[1]: Starting Set console keymap...
         Starting Set console keymap...
[   59.528325] systemd[1]: Starting Monitoring of LVM2 mirrors, snapshots etc. using dmeventd or progress polling...
         Starting Monitoring of LVM2 mirrors... dmeventd or progress polling...
[   59.534285] systemd[1]: Mounting Debug File System...
         Mounting Debug File System...
[   59.536814] systemd[1]: Mounting POSIX Message Queue File System...
         Mounting POSIX Message Queue File System...
[   59.619087] systemd[1]: Starting Remount Root and Kernel File Systems...
         Starting Remount Root and Kernel File Systems...
[   59.774948] systemd[1]: Starting Load Kernel Modules...
         Starting Load Kernel Modules...
[   59.876610] systemd[1]: Starting Nameserver information manager...
         Starting Nameserver information manager...
[   59.953792] systemd[1]: Starting Uncomplicated firewall...
         Starting Uncompl[   60.206785] EXT4-fs (sda1): re-mounted. Opts: (null)
icated firewall.[   60.435455] Loading iSCSI transport class v2.0-870.
..
[   60.671001] systemd[1]: Mounting Huge Pages File System...
[   60.911199] iscsi: registered transport (tcp)
         Mounting Huge Pages File System...
[   61.037481] systemd[1]: Listening on Journal Socket (/dev/log).
[[0;32m  OK  [0m] Listening on Journal Socket (/dev/log).
[   61.363327] systemd[1]: Starting Journal Service...
[   61.591655] iscsi: registered transport (iser)
         Starting Journal Service...
[   61.829270] systemd[1]: Reached target Swap.
[[0;32m  OK  [0m] Reached target Swap.
[   62.043424] systemd[1]: Starting Create list of required static device nodes for the current kernel...
         Starting Create list of required st... nodes for the current kernel...
[   62.238811] systemd[1]: Set up automount Arbitrary Executable File Formats File System Automount Point.
[[0;32m  OK  [0m] Set up automount Arbitrary Executab...ats File System Automount Point.
[   62.772115] systemd[1]: Mounted POSIX Message Queue File System.
[[0;32m  OK  [0m] Mounted POSIX Message Queue File System.
[   63.033387] systemd[1]: Mounted Huge Pages File System.
[[0;32m  OK  [0m] Mounted Huge Pages File System.
[   63.142882] systemd[1]: Mounted Debug File System.
[[0;32m  OK  [0m] Mounted Debug File System.
[   63.213980] systemd[1]: Started Journal Service.
[[0;32m  OK  [0m] Started Journal Service.
[[0;32m  OK  [0m] Started Set console keymap.
[[0;32m  OK  [0m] Started Remount Root and Kernel File Systems.
[[0;32m  OK  [0m] Started Load Kernel Modules.
[[0;32m  OK  [0m] Started Uncomplicated firewall.
[[0;32m  OK  [0m] Started Create list of required sta...ce nodes for the current kernel.
[[0;32m  OK  [0m] Started Nameserver information manager.
[[0;32m  OK  [0m] Started LVM2 metadata daemon.
         Starting Create Static Device Nodes in /dev...
         Mounting FUSE Control File System...
         Starting Apply Kernel Variables...
         Starting Initial cloud-init job (pre-networking)...
         Starting Load/Save Random Seed...
         Starting udev Coldplug all Devices...
         Starting Flush Journal to Persistent Storage...
[[0;32m  OK  [0m] Mounted FUSE Control File System.
[[0;32m  OK  [0m] Started Create Static Device Nodes in /dev.
[[0;32m  OK  [0m] Started Apply Kernel Variables.
[[0;32m  OK  [0m] Started Load/Save Random Seed.
[[0;32m  OK  [0m] Started Monitoring of LVM2 mirrors,...ng dmeventd or progress polling.
[[0;32m  OK  [0m] Started udev Coldplug all Devices.
[[0;32m  OK  [0m] Started Flush Journal to Persistent Storage.
         Starting udev Kernel Device Manager...
[[0;32m  OK  [0m] Started udev Kernel Device Manager.
[[0;32m  OK  [0m] Reached target Local File Systems (Pre).
[[0;32m  OK  [0m] Reached target Local File Systems.
         Starting LSB: AppArmor initialization...
         Starting Create Volatile Files and Directories...
         Starting Set console font and keymap...
         Starting Tell Plymouth To Write Out Runtime Data...
[[0;32m  OK  [0m] Started Dispatch Password Requests to Console Directory Watch.
[[0;32m  OK  [0m] Started Create Volatile Files and Directories.
[[0;32m  OK  [0m] Started Tell Plymouth To Write Out Runtime Data.
[[0;32m  OK  [0m] Found device /dev/ttyS0.
[[0;32m  OK  [0m] Reached target System Time Synchronized.
         Starting Update UTMP about System Boot/Shutdown...
[[0;32m  OK  [0m] Found device 82540EM Gigabit Ethern...r (PRO/1000 MT Desktop Adapter).
[[0;32m  OK  [0m] Started Update UTMP about System Boot/Shutdown.
[[0;32m  OK  [0m] Started LSB: AppArmor initialization.
[[0;32m  OK  [0m] Started Set console font and keymap.
[[0;32m  OK  [0m] Created slice system-getty.slice.
[[0;32m  OK  [0m] Listening on Load/Save RF Kill Switch Status /dev/rfkill Watch.
[   44.045608] cloud-init[470]: Cloud-init v. 17.1 running 'init-local' at Fri, 16 Feb 2018 13:59:38 +0000. Up 43.20 seconds.
[[0;32m  OK  [0m] Started Initial cloud-init job (pre-networking).
[[0;32m  OK  [0m] Reached target Network (Pre).
         Starting Raise network interfaces...
[[0;32m  OK  [0m] Started ifup for enp0s3.
[[0;32m  OK  [0m] Started Raise network interfaces.
         Starting Initial cloud-init job (metadata service crawler)...
[[0;32m  OK  [0m] Reached target Network.
[   46.178903] cloud-init[990]: Cloud-init v. 17.1 running 'init' at Fri, 16 Feb 2018 13:59:40 +0000. Up 45.37 seconds.
[   46.329228] cloud-init[990]: ci-info: +++++++++++++++++++++++++++++++++++++Net device info+++++++++++++++++++++++++++++++++++++
[   46.500602] cloud-init[990]: ci-info: +--------+------+---------------------------+---------------+-------+-------------------+
[   46.501279] cloud-init[990]: ci-info: | Device |  Up  |          Address          |      Mask     | Scope |     Hw-Address    |
[   46.501518] cloud-init[990]: ci-info: +--------+------+---------------------------+---------------+-------+-------------------+
[   46.501746] cloud-init[990]: ci-info: | enp0s3 | True |         10.0.2.15         | 255.255.255.0 |   .   | 02:38:07:4c:82:85 |
[   46.502009] cloud-init[990]: ci-info: | enp0s3 | True | fe80::38:7ff:fe4c:8285/64 |       .       |  link | 02:38:07:4c:82:85 |
[   46.502243] cloud-init[990]: ci-info: |   lo   | True |         127.0.0.1         |   255.0.0.0   |   .   |         .         |
[   46.502479] cloud-init[990]: ci-info: |   lo   | True |          ::1/128          |       .       |  host |         .         |
[   46.502706] cloud-init[990]: ci-info: +--------+------+---------------------------+---------------+-------+-------------------+
[   46.502961] cloud-init[990]: ci-info: +++++++++++++++++++++++++++Route IPv4 info++++++++++++++++++++++++++++
[   46.503199] cloud-init[990]: ci-info: +-------+-------------+----------+---------------+-----------+-------+
[   46.503425] cloud-init[990]: ci-info: | Route | Destination | Gateway  |    Genmask    | Interface | Flags |
[   46.503651] cloud-init[990]: ci-info: +-------+-------------+----------+---------------+-----------+-------+
[   46.503875] cloud-init[990]: ci-info: |   0   |   0.0.0.0   | 10.0.2.2 |    0.0.0.0    |   enp0s3  |   UG  |
[   46.504148] cloud-init[990]: ci-info: |   1   |   10.0.2.0  | 0.0.0.0  | 255.255.255.0 |   enp0s3  |   U   |
[   46.504376] cloud-init[990]: ci-info: +-------+-------------+----------+---------------+-----------+-------+
[[0;32m  OK  [0m] Started Initial cloud-init job (metadata service crawler).
[[0;32m  OK  [0m] Reached target Cloud-config availability.
[[0;32m  OK  [0m] Reached target Network is Online.
         Starting iSCSI initiator daemon (iscsid)...
[[0;32m  OK  [0m] Reached target System Initialization.
         Starting LXD - unix socket.
[[0;32m  OK  [0m] Listening on ACPID Listen Socket.
[[0;32m  OK  [0m] Listening on D-Bus System Message Bus Socket.
[[0;32m  OK  [0m] Started ACPI Events Check.
[[0;32m  OK  [0m] Reached target Paths.
[[0;32m  OK  [0m] Started Daily apt download activities.
[[0;32m  OK  [0m] Started Daily Cleanup of Temporary Directories.
[[0;32m  OK  [0m] Listening on UUID daemon activation socket.
         Starting Socket activation for snappy daemon.
[[0;32m  OK  [0m] Started Timer to automatically refresh installed snaps.
[[0;32m  OK  [0m] Started Daily apt upgrade and clean activities.
[[0;32m  OK  [0m] Reached target Timers.
[[0;32m  OK  [0m] Listening on LXD - unix socket.
[[0;32m  OK  [0m] Listening on Socket activation for snappy daemon.
[[0;32m  OK  [0m] Started iSCSI initiator daemon (iscsid).
         Starting Login to default iSCSI targets...
[[0;32m  OK  [0m] Reached target Sockets.
[[0;32m  OK  [0m] Reached target Basic System.
         Starting /etc/rc.local Compatibility...
         Starting Apply the settings specified in cloud-config...
         Starting LSB: Record successful boot for GRUB...
         Starting LSB: MD monitoring daemon...
[[0;32m  OK  [0m] Started ACPI event daemon.
[[0;32m  OK  [0m] Started D-Bus System Message Bus.
[[0;32m  OK  [0m] Started FUSE filesystem for LXC.
[[0;32m  OK  [0m] Started Unattended Upgrades Shutdown.
         Starting Accounts Service...
         Starting System Logging Service...
         Starting Login Service...
[[0;32m  OK  [0m] Started Regular background program processing daemon.
         Starting OpenBSD Secure Shell server...
         Starting Snappy daemon...
[[0;32m  OK  [0m] Started Deferred execution scheduler.
         Starting LXD - container startup/shutdown...
[[0;32m  OK  [0m] Started /etc/rc.local Compatibility.
[[0;32m  OK  [0m] Started System Logging Service.
[[0;32m  OK  [0m] Started Login to default iSCSI targets.
[[0;32m  OK  [0m] Started Login Service.
[[0;32m  OK  [0m] Reached target Remote File Systems (Pre).
[[0;32m  OK  [0m] Reached target Remote File Systems.
         Starting LSB: automatic crash report generation...
         Starting LSB: VirtualBox Linux Additions...
         Starting LSB: Set the CPU Frequency Scaling governor to "ondemand"...
         Starting LSB: daemon to balance interrupts for SMP systems...
         Starting Permit User Sessions...
[[0;32m  OK  [0m] Started Apply the settings specified in cloud-config.
[   51.221342] cloud-init[1056]: Cloud-init v. 17.1 running 'modules:config' at Fri, 16 Feb 2018 13:59:45 +0000. Up 50.54 seconds.
[[0;32m  OK  [0m] Started LSB: Record successful boot for GRUB.
[[0;32m  OK  [0m] Started LSB: Set the CPU Frequency Scaling governor to "ondemand".
[[0;32m  OK  [0m] Started Permit User Sessions.
         Starting Terminate Plymouth Boot Screen...
         Starting Hold until boot process finishes up...
[[0;32m  OK  [0m] Started LSB: MD monitoring daemon.
[[0;32m  OK  [0m] Started LSB: automatic crash report generation.
[[0;32m  OK  [0m] Started Terminate Plymouth Boot Screen.
[[0;32m  OK  [0m] Started LSB: daemon to balance interrupts for SMP systems.
[[0;32m  OK  [0m] Started Hold until boot process finishes up.
         Starting Authenticate and Authorize Users to Run Privileged Tasks...
[[0;32m  OK  [0m] Started Serial Getty on ttyS0.
         Starting Set console scheme...
[[0;32m  OK  [0m] Started Getty on tty1.
[[0;32m  OK  [0m] Reached target Login Prompts.
[[0;32m  OK  [0m] Started OpenBSD Secure Shell server.
[[0;32m  OK  [0m] Started Set console scheme.
[[0;32m  OK  [0m] Started Authenticate and Authorize Users to Run Privileged Tasks.
[[0;32m  OK  [0m] Started Accounts Service.
[[0;32m  OK  [0m] Started LSB: VirtualBox Linux Additions.
[[0;32m  OK  [0m] Started LXD - container startup/shutdown.
[[0;32m  OK  [0m] Started Snappy daemon.
[[0;32m  OK  [0m] Reached target Multi-User System.
[[0;32m  OK  [0m] Reached target Graphical Interface.
         Starting Execute cloud user/final scripts...
         Starting Update UTMP about System Runlevel Changes...
[[0;32m  OK  [0m] Started Update UTMP about System Runlevel Changes.
[   54.248685] cloud-init[1235]: Cloud-init v. 17.1 running 'modules:final' at Fri, 16 Feb 2018 13:59:48 +0000. Up 54.06 seconds.
[   54.412750] cloud-init[1235]: Cloud-init v. 17.1 finished at Fri, 16 Feb 2018 13:59:49 +0000. Datasource DataSourceNoCloud [seed=/dev/sdb][dsmode=net].  Up 54.24 seconds
[[0;32m  OK  [0m] Started Execute cloud user/final scripts.
[[0;32m  OK  [0m] Reached target Cloud-init target.

Ubuntu 16.04.3 LTS ubuntu-xenial ttyS0

ubuntu-xenial login: 